\BOOKMARK [0][-]{chapter.1}{\376\377\000I\000n\000t\000r\000o\000d\000u\000c\000t\000i\000o\000n}{}% 1
\BOOKMARK [1][-]{section.1.1}{\376\377\000Q\000u\000e\000l\000q\000u\000e\000s\000\040\000d\000\351\000t\000a\000i\000l\000s\000\040\000t\000e\000c\000h\000n\000i\000q\000u\000e\000s}{chapter.1}% 2
\BOOKMARK [0][-]{chapter.2}{\376\377\000B\000a\000s\000e\000\040\000d\000e\000\040\000d\000o\000n\000n\000\351\000e\000s}{}% 3
\BOOKMARK [1][-]{section.2.1}{\376\377\000D\000e\000s\000c\000r\000i\000p\000t\000i\000f\000\040\000d\000e\000s\000\040\000t\000a\000b\000l\000e\000s}{chapter.2}% 4
\BOOKMARK [1][-]{section.2.2}{\376\377\000M\000o\000d\000\350\000l\000e\000s\000\040\000M\000C\000D\000\040\000e\000t\000\040\000M\000O\000D}{chapter.2}% 5
\BOOKMARK [1][-]{section.2.3}{\376\377\000I\000m\000p\000o\000r\000t\000\040\000d\000e\000s\000\040\000d\000o\000n\000n\000\351\000e\000s}{chapter.2}% 6
\BOOKMARK [1][-]{section.2.4}{\376\377\000R\000e\000q\000u\000\352\000t\000e\000s\000\040\000r\000\351\000a\000l\000i\000s\000\351\000e\000s}{chapter.2}% 7
\BOOKMARK [1][-]{section.2.5}{\376\377\000Q\000u\000e\000l\000q\000u\000e\000s\000\040\000d\000\351\000t\000a\000i\000l\000s\000\040\000t\000e\000c\000h\000n\000i\000q\000u\000e\000s}{chapter.2}% 8
\BOOKMARK [0][-]{chapter.3}{\376\377\000M\000a\000t\000\351\000r\000i\000e\000l\000\040\000e\000t\000\040\000M\000\351\000t\000h\000o\000d\000e\000s}{}% 9
\BOOKMARK [1][-]{section.3.1}{\376\377\000L\000o\000g\000i\000c\000i\000e\000l\000s}{chapter.3}% 10
\BOOKMARK [1][-]{section.3.2}{\376\377\000D\000e\000s\000c\000r\000i\000p\000t\000i\000o\000n\000\040\000d\000e\000s\000\040\000D\000o\000n\000n\000\351\000e\000s}{chapter.3}% 11
\BOOKMARK [1][-]{section.3.3}{\376\377\000N\000e\000t\000t\000o\000y\000a\000g\000e\000\040\000d\000e\000s\000\040\000d\000o\000n\000n\000\351\000e\000s}{chapter.3}% 12
\BOOKMARK [1][-]{section.3.4}{\376\377\000\311\000t\000a\000p\000e\000s\000\040\000d\000e\000\040\000P\000r\000\351\000-\000t\000r\000a\000i\000t\000e\000m\000e\000n\000t\000s}{chapter.3}% 13
\BOOKMARK [1][-]{section.3.5}{\376\377\000M\000o\000d\000\351\000l\000i\000s\000a\000t\000i\000o\000n\000\040\000d\000e\000\040\000l\000a\000\040\000b\000a\000s\000e\000\040\000d\000e\000\040\000d\000o\000n\000n\000\351\000e\000s}{chapter.3}% 14
\BOOKMARK [1][-]{section.3.6}{\376\377\000M\000o\000d\000\351\000l\000i\000s\000a\000t\000i\000o\000n\000\040\000s\000t\000a\000t\000i\000s\000t\000i\000q\000u\000e}{chapter.3}% 15
\BOOKMARK [0][-]{chapter.4}{\376\377\000A\000n\000a\000l\000y\000s\000e\000\040\000E\000x\000p\000l\000o\000r\000a\000t\000o\000i\000r\000e\000\040\000d\000e\000s\000\040\000D\000o\000n\000n\000\351\000e\000s}{}% 16
\BOOKMARK [1][-]{section.4.1}{\376\377\000U\000t\000i\000l\000i\000s\000e\000r\000\040\000R}{chapter.4}% 17
\BOOKMARK [0][-]{chapter.5}{\376\377\000A\000n\000a\000l\000y\000s\000e\000\040\000e\000t\000\040\000R\000\351\000s\000u\000l\000t\000a\000t\000s}{}% 18
\BOOKMARK [1][-]{section.5.1}{\376\377\000U\000n\000\040\000p\000r\000e\000m\000i\000e\000r\000\040\000m\000o\000d\000\350\000l\000e}{chapter.5}% 19
\BOOKMARK [1][-]{section.5.2}{\376\377\000Q\000u\000e\000l\000q\000u\000e\000s\000\040\000e\000x\000e\000m\000p\000l\000e\000s\000\040\000d\000e\000\040\000r\000\351\000s\000u\000l\000t\000a\000t\000s\000\040\000a\000t\000t\000e\000n\000d\000u\000s}{chapter.5}% 20
\BOOKMARK [0][-]{chapter.6}{\376\377\000D\000i\000s\000c\000u\000s\000s\000i\000o\000n}{}% 21
\BOOKMARK [0][-]{chapter.7}{\376\377\000C\000o\000n\000c\000l\000u\000s\000i\000o\000n\000\040\000e\000t\000\040\000p\000e\000r\000s\000p\000e\000c\000t\000i\000v\000e\000s}{}% 22
\BOOKMARK [0][-]{chapter*.5}{\376\377\000B\000i\000b\000l\000i\000o\000g\000r\000a\000p\000h\000i\000e}{}% 23
\BOOKMARK [0][-]{chapter*.6}{\376\377\000A\000n\000n\000e\000x\000e\000s}{}% 24
\BOOKMARK [1][-]{section*.7}{\376\377\000C\000o\000d\000e\000s}{chapter*.6}% 25
\BOOKMARK [1][-]{section*.8}{\376\377\000T\000a\000b\000l\000e\000s}{chapter*.6}% 26
