This is pdfTeX, Version 3.141592653-2.6-1.40.24 (TeX Live 2022) (preloaded format=pdflatex 2022.12.12)  12 DEC 2022 23:59
entering extended mode
 restricted \write18 enabled.
 %&-line parsing enabled.
**scdon2-UPV-report-template.tex
(./scdon2-UPV-report-template.tex
LaTeX2e <2022-11-01> patch level 1
L3 programming layer <2022-11-02> (./unswthesis.cls
Document Class: unswthesis 1999/11/10  v2.42  UNSW thesis class
(c:/Users/audri/AppData/Roaming/TinyTeX/texmf-dist/tex/latex/base/report.cls
Document Class: report 2022/07/02 v1.4n Standard LaTeX document class
(c:/Users/audri/AppData/Roaming/TinyTeX/texmf-dist/tex/latex/base/size12.clo
File: size12.clo 2022/07/02 v1.4n Standard LaTeX file (size option)
)
\c@part=\count185
\c@chapter=\count186
\c@section=\count187
\c@subsection=\count188
\c@subsubsection=\count189
\c@paragraph=\count190
\c@subparagraph=\count191
\c@figure=\count192
\c@table=\count193
\abovecaptionskip=\skip48
\belowcaptionskip=\skip49
\bibindent=\dimen140
)
\chaprule=\skip50
\ATchapskip=\skip51
\@chapwidth=\skip52
) (c:/Users/audri/AppData/Roaming/TinyTeX/texmf-dist/tex/latex/graphics/color.sty
Package: color 2022/01/06 v1.3d Standard LaTeX Color (DPC)
(c:/Users/audri/AppData/Roaming/TinyTeX/texmf-dist/tex/latex/graphics-cfg/color.cfg
File: color.cfg 2016/01/02 v1.6 sample color configuration
)
Package color Info: Driver file: pdftex.def on input line 149.
(c:/Users/audri/AppData/Roaming/TinyTeX/texmf-dist/tex/latex/graphics-def/pdftex.def
File: pdftex.def 2022/09/22 v1.2b Graphics/color driver for pdftex
) (c:/Users/audri/AppData/Roaming/TinyTeX/texmf-dist/tex/latex/graphics/mathcolor.ltx)) (c:/Users/audri/AppData/Roaming/TinyTeX/texmf-dist/tex/latex/fancyvrb/fancyvrb.sty
Package: fancyvrb 2022/06/06 4.5 verbatim text (tvz,hv)
(c:/Users/audri/AppData/Roaming/TinyTeX/texmf-dist/tex/latex/graphics/keyval.sty
Package: keyval 2022/05/29 v1.15 key=value parser (DPC)
\KV@toks@=\toks16
)
\FV@CodeLineNo=\count194
\FV@InFile=\read2
\FV@TabBox=\box51
\c@FancyVerbLine=\count195
\FV@StepNumber=\count196
\FV@OutFile=\write3
) (c:/Users/audri/AppData/Roaming/TinyTeX/texmf-dist/tex/latex/framed/framed.sty
Package: framed 2011/10/22 v 0.96: framed or shaded text with page breaks
\OuterFrameSep=\skip53
\fb@frw=\dimen141
\fb@frh=\dimen142
\FrameRule=\dimen143
\FrameSep=\dimen144
) (./header.tex (c:/Users/audri/AppData/Roaming/TinyTeX/texmf-dist/tex/latex/amsfonts/amsfonts.sty
Package: amsfonts 2013/01/14 v3.01 Basic AMSFonts support
\@emptytoks=\toks17
\symAMSa=\mathgroup4
\symAMSb=\mathgroup5
LaTeX Font Info:    Redeclaring math symbol \hbar on input line 98.
LaTeX Font Info:    Overwriting math alphabet `\mathfrak' in version `bold'
(Font)                  U/euf/m/n --> U/euf/b/n on input line 106.
) (c:/Users/audri/AppData/Roaming/TinyTeX/texmf-dist/tex/latex/amsfonts/amssymb.sty
Package: amssymb 2013/01/14 v3.01 AMS font symbols
) (c:/Users/audri/AppData/Roaming/TinyTeX/texmf-dist/tex/latex/amscls/amsthm.sty
Package: amsthm 2020/05/29 v2.20.6
\thm@style=\toks18
\thm@bodyfont=\toks19
\thm@headfont=\toks20
\thm@notefont=\toks21
\thm@headpunct=\toks22
\thm@preskip=\skip54
\thm@postskip=\skip55
\thm@headsep=\skip56
\dth@everypar=\toks23
) (c:/Users/audri/AppData/Roaming/TinyTeX/texmf-dist/tex/latex/base/latexsym.sty
Package: latexsym 1998/08/17 v2.2e Standard LaTeX package (lasy symbols)
\symlasy=\mathgroup6
LaTeX Font Info:    Overwriting symbol font `lasy' in version `bold'
(Font)                  U/lasy/m/n --> U/lasy/b/n on input line 52.
) (c:/Users/audri/AppData/Roaming/TinyTeX/texmf-dist/tex/latex/amsmath/amsmath.sty
Package: amsmath 2022/04/08 v2.17n AMS math features
\@mathmargin=\skip57
For additional information on amsmath, use the `?' option.
(c:/Users/audri/AppData/Roaming/TinyTeX/texmf-dist/tex/latex/amsmath/amstext.sty
Package: amstext 2021/08/26 v2.01 AMS text
(c:/Users/audri/AppData/Roaming/TinyTeX/texmf-dist/tex/latex/amsmath/amsgen.sty
File: amsgen.sty 1999/11/30 v2.0 generic functions
\@emptytoks=\toks24
\ex@=\dimen145
)) (c:/Users/audri/AppData/Roaming/TinyTeX/texmf-dist/tex/latex/amsmath/amsbsy.sty
Package: amsbsy 1999/11/29 v1.2d Bold Symbols
\pmbraise@=\dimen146
) (c:/Users/audri/AppData/Roaming/TinyTeX/texmf-dist/tex/latex/amsmath/amsopn.sty
Package: amsopn 2022/04/08 v2.04 operator names
)
\inf@bad=\count197
LaTeX Info: Redefining \frac on input line 234.
\uproot@=\count198
\leftroot@=\count199
LaTeX Info: Redefining \overline on input line 399.
LaTeX Info: Redefining \colon on input line 410.
\classnum@=\count266
\DOTSCASE@=\count267
LaTeX Info: Redefining \ldots on input line 496.
LaTeX Info: Redefining \dots on input line 499.
LaTeX Info: Redefining \cdots on input line 620.
\Mathstrutbox@=\box52
\strutbox@=\box53
LaTeX Info: Redefining \big on input line 722.
LaTeX Info: Redefining \Big on input line 723.
LaTeX Info: Redefining \bigg on input line 724.
LaTeX Info: Redefining \Bigg on input line 725.
\big@size=\dimen147
LaTeX Font Info:    Redeclaring font encoding OML on input line 743.
LaTeX Font Info:    Redeclaring font encoding OMS on input line 744.
\macc@depth=\count268
LaTeX Info: Redefining \bmod on input line 905.
LaTeX Info: Redefining \pmod on input line 910.
LaTeX Info: Redefining \smash on input line 940.
LaTeX Info: Redefining \relbar on input line 970.
LaTeX Info: Redefining \Relbar on input line 971.
\c@MaxMatrixCols=\count269
\dotsspace@=\muskip16
\c@parentequation=\count270
\dspbrk@lvl=\count271
\tag@help=\toks25
\row@=\count272
\column@=\count273
\maxfields@=\count274
\andhelp@=\toks26
\eqnshift@=\dimen148
\alignsep@=\dimen149
\tagshift@=\dimen150
\tagwidth@=\dimen151
\totwidth@=\dimen152
\lineht@=\dimen153
\@envbody=\toks27
\multlinegap=\skip58
\multlinetaggap=\skip59
\mathdisplay@stack=\toks28
LaTeX Info: Redefining \[ on input line 2953.
LaTeX Info: Redefining \] on input line 2954.
) (c:/Users/audri/AppData/Roaming/TinyTeX/texmf-dist/tex/latex/graphics/graphicx.sty
Package: graphicx 2021/09/16 v1.2d Enhanced LaTeX Graphics (DPC,SPQR)
(c:/Users/audri/AppData/Roaming/TinyTeX/texmf-dist/tex/latex/graphics/graphics.sty
Package: graphics 2022/03/10 v1.4e Standard LaTeX Graphics (DPC,SPQR)
(c:/Users/audri/AppData/Roaming/TinyTeX/texmf-dist/tex/latex/graphics/trig.sty
Package: trig 2021/08/11 v1.11 sin cos tan (DPC)
) (c:/Users/audri/AppData/Roaming/TinyTeX/texmf-dist/tex/latex/graphics-cfg/graphics.cfg
File: graphics.cfg 2016/06/04 v1.11 sample graphics configuration
)
Package graphics Info: Driver file: pdftex.def on input line 107.
)
\Gin@req@height=\dimen154
\Gin@req@width=\dimen155
) (c:/Users/audri/AppData/Roaming/TinyTeX/texmf-dist/tex/latex/tools/afterpage.sty
Package: afterpage 2014/10/28 v1.08 After-Page Package (DPC)
\AP@output=\toks29
\AP@partial=\box54
\AP@footins=\box55
) (c:/Users/audri/AppData/Roaming/TinyTeX/texmf-dist/tex/latex/hyperref/hyperref.sty
Package: hyperref 2022-11-13 v7.00u Hypertext links for LaTeX
(c:/Users/audri/AppData/Roaming/TinyTeX/texmf-dist/tex/generic/ltxcmds/ltxcmds.sty
Package: ltxcmds 2020-05-10 v1.25 LaTeX kernel commands for general use (HO)
) (c:/Users/audri/AppData/Roaming/TinyTeX/texmf-dist/tex/generic/iftex/iftex.sty
Package: iftex 2022/02/03 v1.0f TeX engine tests
) (c:/Users/audri/AppData/Roaming/TinyTeX/texmf-dist/tex/generic/pdftexcmds/pdftexcmds.sty
Package: pdftexcmds 2020-06-27 v0.33 Utility functions of pdfTeX for LuaTeX (HO)
(c:/Users/audri/AppData/Roaming/TinyTeX/texmf-dist/tex/generic/infwarerr/infwarerr.sty
Package: infwarerr 2019/12/03 v1.5 Providing info/warning/error messages (HO)
)
Package pdftexcmds Info: \pdf@primitive is available.
Package pdftexcmds Info: \pdf@ifprimitive is available.
Package pdftexcmds Info: \pdfdraftmode found.
) (c:/Users/audri/AppData/Roaming/TinyTeX/texmf-dist/tex/latex/kvsetkeys/kvsetkeys.sty
Package: kvsetkeys 2022-10-05 v1.19 Key value parser (HO)
) (c:/Users/audri/AppData/Roaming/TinyTeX/texmf-dist/tex/generic/kvdefinekeys/kvdefinekeys.sty
Package: kvdefinekeys 2019-12-19 v1.6 Define keys (HO)
) (c:/Users/audri/AppData/Roaming/TinyTeX/texmf-dist/tex/generic/pdfescape/pdfescape.sty
Package: pdfescape 2019/12/09 v1.15 Implements pdfTeX's escape features (HO)
) (c:/Users/audri/AppData/Roaming/TinyTeX/texmf-dist/tex/latex/hycolor/hycolor.sty
Package: hycolor 2020-01-27 v1.10 Color options for hyperref/bookmark (HO)
) (c:/Users/audri/AppData/Roaming/TinyTeX/texmf-dist/tex/latex/letltxmacro/letltxmacro.sty
Package: letltxmacro 2019/12/03 v1.6 Let assignment for LaTeX macros (HO)
) (c:/Users/audri/AppData/Roaming/TinyTeX/texmf-dist/tex/latex/auxhook/auxhook.sty
Package: auxhook 2019-12-17 v1.6 Hooks for auxiliary files (HO)
) (c:/Users/audri/AppData/Roaming/TinyTeX/texmf-dist/tex/latex/hyperref/nameref.sty
Package: nameref 2022-05-17 v2.50 Cross-referencing by name of section
(c:/Users/audri/AppData/Roaming/TinyTeX/texmf-dist/tex/latex/refcount/refcount.sty
Package: refcount 2019/12/15 v3.6 Data extraction from label references (HO)
) (c:/Users/audri/AppData/Roaming/TinyTeX/texmf-dist/tex/generic/gettitlestring/gettitlestring.sty
Package: gettitlestring 2019/12/15 v1.6 Cleanup title references (HO)
(c:/Users/audri/AppData/Roaming/TinyTeX/texmf-dist/tex/latex/kvoptions/kvoptions.sty
Package: kvoptions 2022-06-15 v3.15 Key value format for package options (HO)
))
\c@section@level=\count275
)
\@linkdim=\dimen156
\Hy@linkcounter=\count276
\Hy@pagecounter=\count277
(c:/Users/audri/AppData/Roaming/TinyTeX/texmf-dist/tex/latex/hyperref/pd1enc.def
File: pd1enc.def 2022-11-13 v7.00u Hyperref: PDFDocEncoding definition (HO)
Now handling font encoding PD1 ...
... no UTF-8 mapping file for font encoding PD1
) (c:/Users/audri/AppData/Roaming/TinyTeX/texmf-dist/tex/generic/intcalc/intcalc.sty
Package: intcalc 2019/12/15 v1.3 Expandable calculations with integers (HO)
) (c:/Users/audri/AppData/Roaming/TinyTeX/texmf-dist/tex/generic/etexcmds/etexcmds.sty
Package: etexcmds 2019/12/15 v1.7 Avoid name clashes with e-TeX commands (HO)
)
\Hy@SavedSpaceFactor=\count278
(c:/Users/audri/AppData/Roaming/TinyTeX/texmf-dist/tex/latex/hyperref/puenc.def
File: puenc.def 2022-11-13 v7.00u Hyperref: PDF Unicode definition (HO)
Now handling font encoding PU ...
... no UTF-8 mapping file for font encoding PU
)
Package hyperref Info: Option `colorlinks' set `true' on input line 4045.
Package hyperref Info: Hyper figures OFF on input line 4162.
Package hyperref Info: Link nesting OFF on input line 4167.
Package hyperref Info: Hyper index ON on input line 4170.
Package hyperref Info: Plain pages OFF on input line 4177.
Package hyperref Info: Backreferencing OFF on input line 4182.
Package hyperref Info: Implicit mode ON; LaTeX internals redefined.
Package hyperref Info: Bookmarks ON on input line 4410.
\c@Hy@tempcnt=\count279
(c:/Users/audri/AppData/Roaming/TinyTeX/texmf-dist/tex/latex/url/url.sty
\Urlmuskip=\muskip17
Package: url 2013/09/16  ver 3.4  Verb mode for urls, etc.
)
LaTeX Info: Redefining \url on input line 4748.
\XeTeXLinkMargin=\dimen157
(c:/Users/audri/AppData/Roaming/TinyTeX/texmf-dist/tex/generic/bitset/bitset.sty
Package: bitset 2019/12/09 v1.3 Handle bit-vector datatype (HO)
(c:/Users/audri/AppData/Roaming/TinyTeX/texmf-dist/tex/generic/bigintcalc/bigintcalc.sty
Package: bigintcalc 2019/12/15 v1.5 Expandable calculations on big integers (HO)
))
\Fld@menulength=\count280
\Field@Width=\dimen158
\Fld@charsize=\dimen159
Package hyperref Info: Hyper figures OFF on input line 6027.
Package hyperref Info: Link nesting OFF on input line 6032.
Package hyperref Info: Hyper index ON on input line 6035.
Package hyperref Info: backreferencing OFF on input line 6042.
Package hyperref Info: Link coloring ON on input line 6045.
Package hyperref Info: Link coloring with OCG OFF on input line 6052.
Package hyperref Info: PDF/A mode OFF on input line 6057.
(c:/Users/audri/AppData/Roaming/TinyTeX/texmf-dist/tex/latex/base/atbegshi-ltx.sty
Package: atbegshi-ltx 2021/01/10 v1.0c Emulation of the original atbegshi
package with kernel methods
)
\Hy@abspage=\count281
\c@Item=\count282
\c@Hfootnote=\count283
)
Package hyperref Info: Driver (autodetected): hpdftex.
(c:/Users/audri/AppData/Roaming/TinyTeX/texmf-dist/tex/latex/hyperref/hpdftex.def
File: hpdftex.def 2022-11-13 v7.00u Hyperref driver for pdfTeX
(c:/Users/audri/AppData/Roaming/TinyTeX/texmf-dist/tex/latex/base/atveryend-ltx.sty
Package: atveryend-ltx 2020/08/19 v1.0a Emulation of the original atveryend package
with kernel methods
)
\Fld@listcount=\count284
\c@bookmark@seq@number=\count285
(c:/Users/audri/AppData/Roaming/TinyTeX/texmf-dist/tex/latex/rerunfilecheck/rerunfilecheck.sty
Package: rerunfilecheck 2022-07-10 v1.10 Rerun checks for auxiliary files (HO)
(c:/Users/audri/AppData/Roaming/TinyTeX/texmf-dist/tex/generic/uniquecounter/uniquecounter.sty
Package: uniquecounter 2019/12/15 v1.4 Provide unlimited unique counter (HO)
)
Package uniquecounter Info: New unique counter `rerunfilecheck' on input line 285.
)
\Hy@SectionHShift=\skip60
)
Package hyperref Info: Option `colorlinks' set `true' on input line 37.
(c:/Users/audri/AppData/Roaming/TinyTeX/texmf-dist/tex/latex/base/textcomp.sty
Package: textcomp 2020/02/02 v2.0n Standard LaTeX package
) (c:/Users/audri/AppData/Roaming/TinyTeX/texmf-dist/tex/latex/tools/longtable.sty
Package: longtable 2021-09-01 v4.17 Multi-page Table package (DPC)
\LTleft=\skip61
\LTright=\skip62
\LTpre=\skip63
\LTpost=\skip64
\LTchunksize=\count286
\LTcapwidth=\dimen160
\LT@head=\box56
\LT@firsthead=\box57
\LT@foot=\box58
\LT@lastfoot=\box59
\LT@gbox=\box60
\LT@cols=\count287
\LT@rows=\count288
\c@LT@tables=\count289
\c@LT@chunks=\count290
\LT@p@ftn=\toks30
) (c:/Users/audri/AppData/Roaming/TinyTeX/texmf-dist/tex/latex/booktabs/booktabs.sty
Package: booktabs 2020/01/12 v1.61803398 Publication quality tables
\heavyrulewidth=\dimen161
\lightrulewidth=\dimen162
\cmidrulewidth=\dimen163
\belowrulesep=\dimen164
\belowbottomsep=\dimen165
\aboverulesep=\dimen166
\abovetopsep=\dimen167
\cmidrulesep=\dimen168
\cmidrulekern=\dimen169
\defaultaddspace=\dimen170
\@cmidla=\count291
\@cmidlb=\count292
\@aboverulesep=\dimen171
\@belowrulesep=\dimen172
\@thisruleclass=\count293
\@lastruleclass=\count294
\@thisrulewidth=\dimen173
) (c:/Users/audri/AppData/Roaming/TinyTeX/texmf-dist/tex/latex/float/float.sty
Package: float 2001/11/08 v1.3d Float enhancements (AL)
\c@float@type=\count295
\float@exts=\toks31
\float@box=\box61
\@float@everytoks=\toks32
\@floatcapt=\box62
) (c:/Users/audri/AppData/Roaming/TinyTeX/texmf-dist/tex/latex/base/fontenc.sty
Package: fontenc 2021/04/29 v2.0v Standard LaTeX package
) (c:/Users/audri/AppData/Roaming/TinyTeX/texmf-dist/tex/latex/ragged2e/ragged2e.sty
Package: ragged2e 2022/11/13 v3.2 ragged2e Package
\CenteringLeftskip=\skip65
\RaggedLeftLeftskip=\skip66
\RaggedRightLeftskip=\skip67
\CenteringRightskip=\skip68
\RaggedLeftRightskip=\skip69
\RaggedRightRightskip=\skip70
\CenteringParfillskip=\skip71
\RaggedLeftParfillskip=\skip72
\RaggedRightParfillskip=\skip73
\JustifyingParfillskip=\skip74
\CenteringParindent=\skip75
\RaggedLeftParindent=\skip76
\RaggedRightParindent=\skip77
\JustifyingParindent=\skip78
)
\c@theorem=\count296
\cslhangindent=\skip79
\csllabelwidth=\skip80
(c:/Users/audri/AppData/Roaming/TinyTeX/texmf-dist/tex/latex/tools/calc.sty
Package: calc 2017/05/25 v4.3 Infix arithmetic (KKT,FJ)
\calc@Acount=\count297
\calc@Bcount=\count298
\calc@Adimen=\dimen174
\calc@Bdimen=\dimen175
\calc@Askip=\skip81
\calc@Bskip=\skip82
LaTeX Info: Redefining \setlength on input line 80.
LaTeX Info: Redefining \addtolength on input line 81.
\calc@Ccount=\count299
\calc@Cskip=\skip83
)) (c:/Users/audri/AppData/Roaming/TinyTeX/texmf-dist/tex/latex/l3backend/l3backend-pdftex.def
File: l3backend-pdftex.def 2022-10-26 L3 backend support: PDF output (pdfTeX)
\l__color_backend_stack_int=\count300
\l__pdf_internal_box=\box63
) (./scdon2-UPV-report-template.aux

LaTeX Warning: Label `MCD' multiply defined.

)
\openout1 = `scdon2-UPV-report-template.aux'.

LaTeX Font Info:    Checking defaults for OML/cmm/m/it on input line 81.
LaTeX Font Info:    ... okay on input line 81.
LaTeX Font Info:    Checking defaults for OMS/cmsy/m/n on input line 81.
LaTeX Font Info:    ... okay on input line 81.
LaTeX Font Info:    Checking defaults for OT1/cmr/m/n on input line 81.
LaTeX Font Info:    ... okay on input line 81.
LaTeX Font Info:    Checking defaults for T1/cmr/m/n on input line 81.
LaTeX Font Info:    ... okay on input line 81.
LaTeX Font Info:    Checking defaults for TS1/cmr/m/n on input line 81.
LaTeX Font Info:    ... okay on input line 81.
LaTeX Font Info:    Checking defaults for OMX/cmex/m/n on input line 81.
LaTeX Font Info:    ... okay on input line 81.
LaTeX Font Info:    Checking defaults for U/cmr/m/n on input line 81.
LaTeX Font Info:    ... okay on input line 81.
LaTeX Font Info:    Checking defaults for PD1/pdf/m/n on input line 81.
LaTeX Font Info:    ... okay on input line 81.
LaTeX Font Info:    Checking defaults for PU/pdf/m/n on input line 81.
LaTeX Font Info:    ... okay on input line 81.
(c:/Users/audri/AppData/Roaming/TinyTeX/texmf-dist/tex/latex/epstopdf-pkg/epstopdf-base.sty
Package: epstopdf-base 2020-01-24 v2.11 Base part for package epstopdf
Package epstopdf-base Info: Redefining graphics rule for `.eps' on input line 485.
(c:/Users/audri/AppData/Roaming/TinyTeX/texmf-dist/tex/latex/latexconfig/epstopdf-sys.cfg
File: epstopdf-sys.cfg 2010/07/13 v1.3 Configuration of (r)epstopdf for TeX Live
))
Package hyperref Info: Link coloring ON on input line 81.
(./scdon2-UPV-report-template.out) (./scdon2-UPV-report-template.out)
\@outlinefile=\write4
\openout4 = `scdon2-UPV-report-template.out'.

<logo-upvm_4.jpg, id=108, 180.675pt x 90.3375pt>
File: logo-upvm_4.jpg Graphic file (type jpg)
<use logo-upvm_4.jpg>
Package pdftex.def Info: logo-upvm_4.jpg  used on input line 83.
(pdftex.def)             Requested size: 142.26378pt x 71.13287pt.
[1

{c:/Users/audri/AppData/Roaming/TinyTeX/texmf-var/fonts/map/pdftex/updmap/pdftex.map} <./logo-upvm_4.jpg>]
Underfull \hbox (badness 10000) in paragraph at lines 102--107

 []

[1

]
Underfull \hbox (badness 10000) in paragraph at lines 116--118

 []

[2

] [3

] (./scdon2-UPV-report-template.toc
LaTeX Font Info:    Trying to load font information for U+msa on input line 2.
(c:/Users/audri/AppData/Roaming/TinyTeX/texmf-dist/tex/latex/amsfonts/umsa.fd
File: umsa.fd 2013/01/14 v3.01 AMS symbols A
)
LaTeX Font Info:    Trying to load font information for U+msb on input line 2.
(c:/Users/audri/AppData/Roaming/TinyTeX/texmf-dist/tex/latex/amsfonts/umsb.fd
File: umsb.fd 2013/01/14 v3.01 AMS symbols B
)
LaTeX Font Info:    Trying to load font information for U+lasy on input line 2.
(c:/Users/audri/AppData/Roaming/TinyTeX/texmf-dist/tex/latex/base/ulasy.fd
File: ulasy.fd 1998/08/17 v2.2e LaTeX symbol font definitions
))
\tf@toc=\write5
\openout5 = `scdon2-UPV-report-template.toc'.

[4

]
Chapitre 1.
File: logo-upvm_4.jpg Graphic file (type jpg)
<use logo-upvm_4.jpg>
Package pdftex.def Info: logo-upvm_4.jpg  used on input line 185.
(pdftex.def)             Requested size: 113.81206pt x 56.90602pt.

pdfTeX warning (ext4): destination with the same identifier (name{page.1}) has been already used, duplicate ignored
<to be read again> 
                   \relax 
l.189 ...e de donn√©es}\label{base-de-donnuxe9es}}
                                                   [1


pdfTeX warning (ext4): destination with the same identifier (name{figure.1.1}) has been already used, duplicate ignored
<argument> ...shipout:D \box_use:N \l_shipout_box 
                                                  \__shipout_drop_firstpage_...
l.189 ...e de donn√©es}\label{base-de-donnuxe9es}}
                                                  ]
Chapitre 2.
<C:/Users/audri/Desktop/Licence_MIASHS/L3_MIASHS_AUDRIC/Base de donn√©es/Projet/mcd/mcd.png, id=178, 433.62pt x 560.0925pt>
File: C:/Users/audri/Desktop/Licence_MIASHS/L3_MIASHS_AUDRIC/Base de donn√©es/Projet/mcd/mcd.png Graphic file (type png)
<use C:/Users/audri/Desktop/Licence_MIASHS/L3_MIASHS_AUDRIC/Base de donn√©es/Projet/mcd/mcd.png>
Package pdftex.def Info: C:/Users/audri/Desktop/Licence_MIASHS/L3_MIASHS_AUDRIC/Base de donn√©es/Projet/mcd/mcd.png  used on input line 227.
(pdftex.def)             Requested size: 284.54257pt x 284.54091pt.
[2

]
<C:/Users/audri/Desktop/Licence_MIASHS/L3_MIASHS_AUDRIC/Base de donn√©es/Projet/MOD_modifie.png, id=188, 309.155pt x 101.37875pt>
File: C:/Users/audri/Desktop/Licence_MIASHS/L3_MIASHS_AUDRIC/Base de donn√©es/Projet/MOD_modifie.png Graphic file (type png)
<use C:/Users/audri/Desktop/Licence_MIASHS/L3_MIASHS_AUDRIC/Base de donn√©es/Projet/MOD_modifie.png>
Package pdftex.def Info: C:/Users/audri/Desktop/Licence_MIASHS/L3_MIASHS_AUDRIC/Base de donn√©es/Projet/MOD_modifie.png  used on input line 237.
(pdftex.def)             Requested size: 309.15424pt x 101.3785pt.
<C:/Users/audri/Desktop/Licence_MIASHS/L3_MIASHS_AUDRIC/Base de donn√©es/Projet/ScreenshotsRequetes_nouvelle_base/ScreenshotsRequetes_nouvelle base/Afficher le montant total vendu par medicament/Requete- montant total vendu.png, id=190, 426.09187pt x 51.69313pt>
File: C:/Users/audri/Desktop/Licence_MIASHS/L3_MIASHS_AUDRIC/Base de donn√©es/Projet/ScreenshotsRequetes_nouvelle_base/ScreenshotsRequetes_nouvelle base/Afficher le montant total vendu par medicament/Requete- montant total vendu.png Graphic file (type png)
<use C:/Users/audri/Desktop/Licence_MIASHS/L3_MIASHS_AUDRIC/Base de donn√©es/Projet/ScreenshotsRequetes_nouvelle_base/ScreenshotsRequetes_nouvelle base/Afficher le montant total vendu par medicament/Requete- montant total vendu.png>
Package pdftex.def Info: C:/Users/audri/Desktop/Licence_MIASHS/L3_MIASHS_AUDRIC/Base de donn√©es/Projet/ScreenshotsRequetes_nouvelle_base/ScreenshotsRequetes_nouvelle base/Afficher le montant total vendu par medicament/Requete- montant total vendu.png  used on input line 265.
(pdftex.def)             Requested size: 426.09082pt x 51.693pt.
<C:/Users/audri/Desktop/Licence_MIASHS/L3_MIASHS_AUDRIC/Base de donn√©es/Projet/ScreenshotsRequetes_nouvelle_base/ScreenshotsRequetes_nouvelle base/Afficher le montant total vendu par medicament/Resultat- montant total vendu.png, id=191, 420.57124pt x 109.91063pt>
File: C:/Users/audri/Desktop/Licence_MIASHS/L3_MIASHS_AUDRIC/Base de donn√©es/Projet/ScreenshotsRequetes_nouvelle_base/ScreenshotsRequetes_nouvelle base/Afficher le montant total vendu par medicament/Resultat- montant total vendu.png Graphic file (type png)
<use C:/Users/audri/Desktop/Licence_MIASHS/L3_MIASHS_AUDRIC/Base de donn√©es/Projet/ScreenshotsRequetes_nouvelle_base/ScreenshotsRequetes_nouvelle base/Afficher le montant total vendu par medicament/Resultat- montant total vendu.png>
Package pdftex.def Info: C:/Users/audri/Desktop/Licence_MIASHS/L3_MIASHS_AUDRIC/Base de donn√©es/Projet/ScreenshotsRequetes_nouvelle_base/ScreenshotsRequetes_nouvelle base/Afficher le montant total vendu par medicament/Resultat- montant total vendu.png  used on input line 267.
(pdftex.def)             Requested size: 420.57022pt x 109.91034pt.

Overfull \hbox (19.76976pt too wide) in paragraph at lines 265--268
[][]
 []

[3
pdfTeX warning (ext4): destination with the same identifier (name{figure.2.1}) has been already used, duplicate ignored
<argument> ...shipout:D \box_use:N \l_shipout_box 
                                                  \__shipout_drop_firstpage_...
l.268 
      
pdfTeX warning (ext4): destination with the same identifier (name{figure.2.2}) has been already used, duplicate ignored
<argument> ...shipout:D \box_use:N \l_shipout_box 
                                                  \__shipout_drop_firstpage_...
l.268 
       <c:/Users/audri/Desktop/Licence_MIASHS/L3_MIASHS_AUDRIC/Base de donn√©es/Projet/mcd/mcd.png> <c:/Users/audri/Desktop/Licence_MIASHS/L3_MIASHS_AUDRIC/Base de donn√©es/Projet/MOD_modifie.png>]
<C:/Users/audri/Desktop/Licence_MIASHS/L3_MIASHS_AUDRIC/Base de donn√©es/Projet/ScreenshotsRequetes_nouvelle_base/ScreenshotsRequetes_nouvelle base/Medicaments non rembours√©s/Requete - les medicaments non rembours√©s.png, id=203, 138.5175pt x 65.24374pt>
File: C:/Users/audri/Desktop/Licence_MIASHS/L3_MIASHS_AUDRIC/Base de donn√©es/Projet/ScreenshotsRequetes_nouvelle_base/ScreenshotsRequetes_nouvelle base/Medicaments non rembours√©s/Requete - les medicaments non rembours√©s.png Graphic file (type png)
<use C:/Users/audri/Desktop/Licence_MIASHS/L3_MIASHS_AUDRIC/Base de donn√©es/Projet/ScreenshotsRequetes_nouvelle_base/ScreenshotsRequetes_nouvelle base/Medicaments non rembours√©s/Requete - les medicaments non rembours√©s.png>
Package pdftex.def Info: C:/Users/audri/Desktop/Licence_MIASHS/L3_MIASHS_AUDRIC/Base de donn√©es/Projet/ScreenshotsRequetes_nouvelle_base/ScreenshotsRequetes_nouvelle base/Medicaments non rembours√©s/Requete - les medicaments non rembours√©s.png  used on input line 277.
(pdftex.def)             Requested size: 138.51715pt x 65.24358pt.
<C:/Users/audri/Desktop/Licence_MIASHS/L3_MIASHS_AUDRIC/Base de donn√©es/Projet/ScreenshotsRequetes_nouvelle_base/ScreenshotsRequetes_nouvelle base/Medicaments non rembours√©s/Resultat - les medicaments non rembours√©s.png, id=204, 172.14313pt x 163.10938pt>
File: C:/Users/audri/Desktop/Licence_MIASHS/L3_MIASHS_AUDRIC/Base de donn√©es/Projet/ScreenshotsRequetes_nouvelle_base/ScreenshotsRequetes_nouvelle base/Medicaments non rembours√©s/Resultat - les medicaments non rembours√©s.png Graphic file (type png)
<use C:/Users/audri/Desktop/Licence_MIASHS/L3_MIASHS_AUDRIC/Base de donn√©es/Projet/ScreenshotsRequetes_nouvelle_base/ScreenshotsRequetes_nouvelle base/Medicaments non rembours√©s/Resultat - les medicaments non rembours√©s.png>
Package pdftex.def Info: C:/Users/audri/Desktop/Licence_MIASHS/L3_MIASHS_AUDRIC/Base de donn√©es/Projet/ScreenshotsRequetes_nouvelle_base/ScreenshotsRequetes_nouvelle base/Medicaments non rembours√©s/Resultat - les medicaments non rembours√©s.png  used on input line 278.
(pdftex.def)             Requested size: 172.14268pt x 163.10896pt.
<C:/Users/audri/Desktop/Licence_MIASHS/L3_MIASHS_AUDRIC/Base de donn√©es/Projet/ScreenshotsRequetes_nouvelle_base/ScreenshotsRequetes_nouvelle base/Les plus souvent rembours√©s/Requete- les plus souvent rembours√©s.png, id=205, 376.90813pt x 63.73813pt>
File: C:/Users/audri/Desktop/Licence_MIASHS/L3_MIASHS_AUDRIC/Base de donn√©es/Projet/ScreenshotsRequetes_nouvelle_base/ScreenshotsRequetes_nouvelle base/Les plus souvent rembours√©s/Requete- les plus souvent rembours√©s.png Graphic file (type png)
<use C:/Users/audri/Desktop/Licence_MIASHS/L3_MIASHS_AUDRIC/Base de donn√©es/Projet/ScreenshotsRequetes_nouvelle_base/ScreenshotsRequetes_nouvelle base/Les plus souvent rembours√©s/Requete- les plus souvent rembours√©s.png>
Package pdftex.def Info: C:/Users/audri/Desktop/Licence_MIASHS/L3_MIASHS_AUDRIC/Base de donn√©es/Projet/ScreenshotsRequetes_nouvelle_base/ScreenshotsRequetes_nouvelle base/Les plus souvent rembours√©s/Requete- les plus souvent rembours√©s.png  used on input line 286.
(pdftex.def)             Requested size: 376.9072pt x 63.73796pt.
<C:/Users/audri/Desktop/Licence_MIASHS/L3_MIASHS_AUDRIC/Base de donn√©es/Projet/ScreenshotsRequetes_nouvelle_base/ScreenshotsRequetes_nouvelle base/Les plus souvent rembours√©s/Resultat- les plus souvent rembours√©s.png, id=206, 355.3275pt x 120.45pt>
File: C:/Users/audri/Desktop/Licence_MIASHS/L3_MIASHS_AUDRIC/Base de donn√©es/Projet/ScreenshotsRequetes_nouvelle_base/ScreenshotsRequetes_nouvelle base/Les plus souvent rembours√©s/Resultat- les plus souvent rembours√©s.png Graphic file (type png)
<use C:/Users/audri/Desktop/Licence_MIASHS/L3_MIASHS_AUDRIC/Base de donn√©es/Projet/ScreenshotsRequetes_nouvelle_base/ScreenshotsRequetes_nouvelle base/Les plus souvent rembours√©s/Resultat- les plus souvent rembours√©s.png>
Package pdftex.def Info: C:/Users/audri/Desktop/Licence_MIASHS/L3_MIASHS_AUDRIC/Base de donn√©es/Projet/ScreenshotsRequetes_nouvelle_base/ScreenshotsRequetes_nouvelle base/Les plus souvent rembours√©s/Resultat- les plus souvent rembours√©s.png  used on input line 289.
(pdftex.def)             Requested size: 355.32661pt x 120.44969pt.
<C:/Users/audri/Desktop/Licence_MIASHS/L3_MIASHS_AUDRIC/Base de donn√©es/Projet/ScreenshotsRequetes_nouvelle_base/ScreenshotsRequetes_nouvelle base/les moins souvent rembours√©s/Requete- les moins souvent rembours√©s.png, id=207, 393.47pt x 63.73813pt>
File: C:/Users/audri/Desktop/Licence_MIASHS/L3_MIASHS_AUDRIC/Base de donn√©es/Projet/ScreenshotsRequetes_nouvelle_base/ScreenshotsRequetes_nouvelle base/les moins souvent rembours√©s/Requete- les moins souvent rembours√©s.png Graphic file (type png)
<use C:/Users/audri/Desktop/Licence_MIASHS/L3_MIASHS_AUDRIC/Base de donn√©es/Projet/ScreenshotsRequetes_nouvelle_base/ScreenshotsRequetes_nouvelle base/les moins souvent rembours√©s/Requete- les moins souvent rembours√©s.png>
Package pdftex.def Info: C:/Users/audri/Desktop/Licence_MIASHS/L3_MIASHS_AUDRIC/Base de donn√©es/Projet/ScreenshotsRequetes_nouvelle_base/ScreenshotsRequetes_nouvelle base/les moins souvent rembours√©s/Requete- les moins souvent rembours√©s.png  used on input line 297.
(pdftex.def)             Requested size: 393.46902pt x 63.73796pt.
<C:/Users/audri/Desktop/Licence_MIASHS/L3_MIASHS_AUDRIC/Base de donn√©es/Projet/ScreenshotsRequetes_nouvelle_base/ScreenshotsRequetes_nouvelle base/les moins souvent rembours√©s/Resultat - les moins souvent rembours√©s.png, id=208, 367.3725pt x 123.46124pt>
File: C:/Users/audri/Desktop/Licence_MIASHS/L3_MIASHS_AUDRIC/Base de donn√©es/Projet/ScreenshotsRequetes_nouvelle_base/ScreenshotsRequetes_nouvelle base/les moins souvent rembours√©s/Resultat - les moins souvent rembours√©s.png Graphic file (type png)
<use C:/Users/audri/Desktop/Licence_MIASHS/L3_MIASHS_AUDRIC/Base de donn√©es/Projet/ScreenshotsRequetes_nouvelle_base/ScreenshotsRequetes_nouvelle base/les moins souvent rembours√©s/Resultat - les moins souvent rembours√©s.png>
Package pdftex.def Info: C:/Users/audri/Desktop/Licence_MIASHS/L3_MIASHS_AUDRIC/Base de donn√©es/Projet/ScreenshotsRequetes_nouvelle_base/ScreenshotsRequetes_nouvelle base/les moins souvent rembours√©s/Resultat - les moins souvent rembours√©s.png  used on input line 300.
(pdftex.def)             Requested size: 367.37158pt x 123.46092pt.
[4 <c:/Users/audri/Desktop/Licence_MIASHS/L3_MIASHS_AUDRIC/Base de donn√©es/Projet/ScreenshotsRequetes_nouvelle_base/ScreenshotsRequetes_nouvelle base/Afficher le montant total vendu par medicament/Requete- montant total vendu.png> <c:/Users/audri/Desktop/Licence_MIASHS/L3_MIASHS_AUDRIC/Base de donn√©es/Projet/ScreenshotsRequetes_nouvelle_base/ScreenshotsRequetes_nouvelle base/Afficher le montant total vendu par medicament/Resultat- montant total vendu.png> <c:/Users/audri/Desktop/Licence_MIASHS/L3_MIASHS_AUDRIC/Base de donn√©es/Projet/ScreenshotsRequetes_nouvelle_base/ScreenshotsRequetes_nouvelle base/Medicaments non rembours√©s/Requete - les medicaments non rembours√©s.png> <c:/Users/audri/Desktop/Licence_MIASHS/L3_MIASHS_AUDRIC/Base de donn√©es/Projet/ScreenshotsRequetes_nouvelle_base/ScreenshotsRequetes_nouvelle base/Medicaments non rembours√©s/Resultat - les medicaments non rembours√©s.png> <c:/Users/audri/Desktop/Licence_MIASHS/L3_MIASHS_AUDRIC/Base de donn√©es/Projet/ScreenshotsRequetes_nouvelle_base/ScreenshotsRequetes_nouvelle base/Les plus souvent rembours√©s/Requete- les plus souvent rembours√©s.png> <c:/Users/audri/Desktop/Licence_MIASHS/L3_MIASHS_AUDRIC/Base de donn√©es/Projet/ScreenshotsRequetes_nouvelle_base/ScreenshotsRequetes_nouvelle base/Les plus souvent rembours√©s/Resultat- les plus souvent rembours√©s.png> <c:/Users/audri/Desktop/Licence_MIASHS/L3_MIASHS_AUDRIC/Base de donn√©es/Projet/ScreenshotsRequetes_nouvelle_base/ScreenshotsRequetes_nouvelle base/les moins souvent rembours√©s/Requete- les moins souvent rembours√©s.png>]
<C:/Users/audri/Desktop/Licence_MIASHS/L3_MIASHS_AUDRIC/Base de donn√©es/Projet/ScreenshotsRequetes_nouvelle_base/ScreenshotsRequetes_nouvelle base/Afficher pour chaque m√©dicament son prix et son montant rembours√©/Requete-prix et montant rembours√©.png, id=220, 324.21124pt x 51.19125pt>
File: C:/Users/audri/Desktop/Licence_MIASHS/L3_MIASHS_AUDRIC/Base de donn√©es/Projet/ScreenshotsRequetes_nouvelle_base/ScreenshotsRequetes_nouvelle base/Afficher pour chaque m√©dicament son prix et son montant rembours√©/Requete-prix et montant rembours√©.png Graphic file (type png)
<use C:/Users/audri/Desktop/Licence_MIASHS/L3_MIASHS_AUDRIC/Base de donn√©es/Projet/ScreenshotsRequetes_nouvelle_base/ScreenshotsRequetes_nouvelle base/Afficher pour chaque m√©dicament son prix et son montant rembours√©/Requete-prix et montant rembours√©.png>
Package pdftex.def Info: C:/Users/audri/Desktop/Licence_MIASHS/L3_MIASHS_AUDRIC/Base de donn√©es/Projet/ScreenshotsRequetes_nouvelle_base/ScreenshotsRequetes_nouvelle base/Afficher pour chaque m√©dicament son prix et son montant rembours√©/Requete-prix et montant rembours√©.png  used on input line 308.
(pdftex.def)             Requested size: 324.21045pt x 51.19112pt.
<C:/Users/audri/Desktop/Licence_MIASHS/L3_MIASHS_AUDRIC/Base de donn√©es/Projet/ScreenshotsRequetes_nouvelle_base/ScreenshotsRequetes_nouvelle base/Afficher pour chaque m√©dicament son prix et son montant rembours√©/Resultat-prix et montant rembours√©.png, id=221, 299.61937pt x 147.55125pt>
File: C:/Users/audri/Desktop/Licence_MIASHS/L3_MIASHS_AUDRIC/Base de donn√©es/Projet/ScreenshotsRequetes_nouvelle_base/ScreenshotsRequetes_nouvelle base/Afficher pour chaque m√©dicament son prix et son montant rembours√©/Resultat-prix et montant rembours√©.png Graphic file (type png)
<use C:/Users/audri/Desktop/Licence_MIASHS/L3_MIASHS_AUDRIC/Base de donn√©es/Projet/ScreenshotsRequetes_nouvelle_base/ScreenshotsRequetes_nouvelle base/Afficher pour chaque m√©dicament son prix et son montant rembours√©/Resultat-prix et montant rembours√©.png>
Package pdftex.def Info: C:/Users/audri/Desktop/Licence_MIASHS/L3_MIASHS_AUDRIC/Base de donn√©es/Projet/ScreenshotsRequetes_nouvelle_base/ScreenshotsRequetes_nouvelle base/Afficher pour chaque m√©dicament son prix et son montant rembours√©/Resultat-prix et montant rembours√©.png  used on input line 311.
(pdftex.def)             Requested size: 299.61864pt x 147.55087pt.
<C:/Users/audri/Desktop/Licence_MIASHS/L3_MIASHS_AUDRIC/Base de donn√©es/Projet/ScreenshotsRequetes_nouvelle_base/ScreenshotsRequetes_nouvelle base/Taux de remboursement/Requete- taux de remboursement.png, id=222, 501.37312pt x 72.77188pt>
File: C:/Users/audri/Desktop/Licence_MIASHS/L3_MIASHS_AUDRIC/Base de donn√©es/Projet/ScreenshotsRequetes_nouvelle_base/ScreenshotsRequetes_nouvelle base/Taux de remboursement/Requete- taux de remboursement.png Graphic file (type png)
<use C:/Users/audri/Desktop/Licence_MIASHS/L3_MIASHS_AUDRIC/Base de donn√©es/Projet/ScreenshotsRequetes_nouvelle_base/ScreenshotsRequetes_nouvelle base/Taux de remboursement/Requete- taux de remboursement.png>
Package pdftex.def Info: C:/Users/audri/Desktop/Licence_MIASHS/L3_MIASHS_AUDRIC/Base de donn√©es/Projet/ScreenshotsRequetes_nouvelle_base/ScreenshotsRequetes_nouvelle base/Taux de remboursement/Requete- taux de remboursement.png  used on input line 321.
(pdftex.def)             Requested size: 501.37189pt x 72.77168pt.

Overfull \hbox (95.05083pt too wide) in paragraph at lines 321--323
[][]
 []

<C:/Users/audri/Desktop/Licence_MIASHS/L3_MIASHS_AUDRIC/Base de donn√©es/Projet/ScreenshotsRequetes_nouvelle_base/ScreenshotsRequetes_nouvelle base/Taux de remboursement/Resultat-taux de remboursement.png, id=223, 411.5375pt x 179.16937pt>
File: C:/Users/audri/Desktop/Licence_MIASHS/L3_MIASHS_AUDRIC/Base de donn√©es/Projet/ScreenshotsRequetes_nouvelle_base/ScreenshotsRequetes_nouvelle base/Taux de remboursement/Resultat-taux de remboursement.png Graphic file (type png)
<use C:/Users/audri/Desktop/Licence_MIASHS/L3_MIASHS_AUDRIC/Base de donn√©es/Projet/ScreenshotsRequetes_nouvelle_base/ScreenshotsRequetes_nouvelle base/Taux de remboursement/Resultat-taux de remboursement.png>
Package pdftex.def Info: C:/Users/audri/Desktop/Licence_MIASHS/L3_MIASHS_AUDRIC/Base de donn√©es/Projet/ScreenshotsRequetes_nouvelle_base/ScreenshotsRequetes_nouvelle base/Taux de remboursement/Resultat-taux de remboursement.png  used on input line 324.
(pdftex.def)             Requested size: 411.5365pt x 179.16893pt.

Overfull \hbox (5.21544pt too wide) in paragraph at lines 324--325
[][] 
 []

[5 <c:/Users/audri/Desktop/Licence_MIASHS/L3_MIASHS_AUDRIC/Base de donn√©es/Projet/ScreenshotsRequetes_nouvelle_base/ScreenshotsRequetes_nouvelle base/les moins souvent rembours√©s/Resultat - les moins souvent rembours√©s.png> <c:/Users/audri/Desktop/Licence_MIASHS/L3_MIASHS_AUDRIC/Base de donn√©es/Projet/ScreenshotsRequetes_nouvelle_base/ScreenshotsRequetes_nouvelle base/Afficher pour chaque m√©dicament son prix et son montant rembours√©/Requete-prix et montant rembours√©.png> <c:/Users/audri/Desktop/Licence_MIASHS/L3_MIASHS_AUDRIC/Base de donn√©es/Projet/ScreenshotsRequetes_nouvelle_base/ScreenshotsRequetes_nouvelle base/Afficher pour chaque m√©dicament son prix et son montant rembours√©/Resultat-prix et montant rembours√©.png> <c:/Users/audri/Desktop/Licence_MIASHS/L3_MIASHS_AUDRIC/Base de donn√©es/Projet/ScreenshotsRequetes_nouvelle_base/ScreenshotsRequetes_nouvelle base/Taux de remboursement/Requete- taux de remboursement.png> <c:/Users/audri/Desktop/Licence_MIASHS/L3_MIASHS_AUDRIC/Base de donn√©es/Projet/ScreenshotsRequetes_nouvelle_base/ScreenshotsRequetes_nouvelle base/Taux de remboursement/Resultat-taux de remboursement.png>]
<C:/Users/audri/Desktop/Licence_MIASHS/L3_MIASHS_AUDRIC/Base de donn√©es/Projet/Les_10_medicaments_les_mieux_rembourses/Les 10 medicaments les mieux rembours√©s/Requete-Les 10 medicaments les mieux rembours√©s.png, id=233, 589.20125pt x 237.88875pt>
File: C:/Users/audri/Desktop/Licence_MIASHS/L3_MIASHS_AUDRIC/Base de donn√©es/Projet/Les_10_medicaments_les_mieux_rembourses/Les 10 medicaments les mieux rembours√©s/Requete-Les 10 medicaments les mieux rembours√©s.png Graphic file (type png)
<use C:/Users/audri/Desktop/Licence_MIASHS/L3_MIASHS_AUDRIC/Base de donn√©es/Projet/Les_10_medicaments_les_mieux_rembourses/Les 10 medicaments les mieux rembours√©s/Requete-Les 10 medicaments les mieux rembours√©s.png>
Package pdftex.def Info: C:/Users/audri/Desktop/Licence_MIASHS/L3_MIASHS_AUDRIC/Base de donn√©es/Projet/Les_10_medicaments_les_mieux_rembourses/Les 10 medicaments les mieux rembours√©s/Requete-Les 10 medicaments les mieux rembours√©s.png  used on input line 332.
(pdftex.def)             Requested size: 426.79584pt x 284.54306pt.

Overfull \hbox (20.47478pt too wide) in paragraph at lines 332--334
[][]
 []

<C:/Users/audri/Desktop/Licence_MIASHS/L3_MIASHS_AUDRIC/Base de donn√©es/Projet/Les_10_medicaments_les_mieux_rembourses/Les 10 medicaments les mieux rembours√©s/Resultat-Les 10 medicaments les mieux rembours√©s.png, id=234, 757.83125pt x 257.46187pt>
File: C:/Users/audri/Desktop/Licence_MIASHS/L3_MIASHS_AUDRIC/Base de donn√©es/Projet/Les_10_medicaments_les_mieux_rembourses/Les 10 medicaments les mieux rembours√©s/Resultat-Les 10 medicaments les mieux rembours√©s.png Graphic file (type png)
<use C:/Users/audri/Desktop/Licence_MIASHS/L3_MIASHS_AUDRIC/Base de donn√©es/Projet/Les_10_medicaments_les_mieux_rembourses/Les 10 medicaments les mieux rembours√©s/Resultat-Les 10 medicaments les mieux rembours√©s.png>
Package pdftex.def Info: C:/Users/audri/Desktop/Licence_MIASHS/L3_MIASHS_AUDRIC/Base de donn√©es/Projet/Les_10_medicaments_les_mieux_rembourses/Les 10 medicaments les mieux rembours√©s/Resultat-Les 10 medicaments les mieux rembours√©s.png  used on input line 335.
(pdftex.def)             Requested size: 426.7994pt x 284.55247pt.

Overfull \hbox (20.47833pt too wide) in paragraph at lines 335--336
[][] 
 []

[6 <c:/Users/audri/Desktop/Licence_MIASHS/L3_MIASHS_AUDRIC/Base de donn√©es/Projet/Les_10_medicaments_les_mieux_rembourses/Les 10 medicaments les mieux rembours√©s/Requete-Les 10 medicaments les mieux rembours√©s.png> <c:/Users/audri/Desktop/Licence_MIASHS/L3_MIASHS_AUDRIC/Base de donn√©es/Projet/Les_10_medicaments_les_mieux_rembourses/Les 10 medicaments les mieux rembours√©s/Resultat-Les 10 medicaments les mieux rembours√©s.png>]
LaTeX Font Info:    Trying to load font information for T1+cmtt on input line 349.
(c:/Users/audri/AppData/Roaming/TinyTeX/texmf-dist/tex/latex/base/t1cmtt.fd
File: t1cmtt.fd 2022/07/10 v2.5l Standard LaTeX font definitions
) [7]
Chapitre 3.
<C:/Users/audri/Desktop/Licence_MIASHS/L3_MIASHS_AUDRIC/Base de donn√©es/Projet/cr√©ation CIP7.jpeg, id=250, 225.84375pt x 228.855pt>
File: C:/Users/audri/Desktop/Licence_MIASHS/L3_MIASHS_AUDRIC/Base de donn√©es/Projet/cr√©ation CIP7.jpeg Graphic file (type jpg)
<use C:/Users/audri/Desktop/Licence_MIASHS/L3_MIASHS_AUDRIC/Base de donn√©es/Projet/cr√©ation CIP7.jpeg>
Package pdftex.def Info: C:/Users/audri/Desktop/Licence_MIASHS/L3_MIASHS_AUDRIC/Base de donn√©es/Projet/cr√©ation CIP7.jpeg  used on input line 457.
(pdftex.def)             Requested size: 225.84319pt x 228.85443pt.
[8

]
pdfTeX warning (ext4): destination with the same identifier (name{MCD}) has been already used, duplicate ignored
<to be read again> 
                   \relax 
l.468 }
       
File: C:/Users/audri/Desktop/Licence_MIASHS/L3_MIASHS_AUDRIC/Base de donn√©es/Projet/mcd/mcd.png Graphic file (type png)
<use C:/Users/audri/Desktop/Licence_MIASHS/L3_MIASHS_AUDRIC/Base de donn√©es/Projet/mcd/mcd.png>
Package pdftex.def Info: C:/Users/audri/Desktop/Licence_MIASHS/L3_MIASHS_AUDRIC/Base de donn√©es/Projet/mcd/mcd.png  used on input line 468.
(pdftex.def)             Requested size: 284.54257pt x 284.54091pt.
[9
pdfTeX warning (ext4): destination with the same identifier (name{figure.3.1}) has been already used, duplicate ignored
<argument> ...shipout:D \box_use:N \l_shipout_box 
                                                  \__shipout_drop_firstpage_...
l.483 ...bel{analyse-exploratoire-des-donnuxe9es}}
                                                   <c:/Users/audri/Desktop/Licence_MIASHS/L3_MIASHS_AUDRIC/Base de donn√©es/Projet/cr√©ation CIP7.jpeg>]
Chapitre 4.
<C:/Users/audri/Desktop/Licence_MIASHS/L3_MIASHS_AUDRIC/Base de donn√©es/Projet/d2.jpg, id=268, 274.02374pt x 108.405pt>
File: C:/Users/audri/Desktop/Licence_MIASHS/L3_MIASHS_AUDRIC/Base de donn√©es/Projet/d2.jpg Graphic file (type jpg)
<use C:/Users/audri/Desktop/Licence_MIASHS/L3_MIASHS_AUDRIC/Base de donn√©es/Projet/d2.jpg>
Package pdftex.def Info: C:/Users/audri/Desktop/Licence_MIASHS/L3_MIASHS_AUDRIC/Base de donn√©es/Projet/d2.jpg  used on input line 491.
(pdftex.def)             Requested size: 284.55148pt x 142.28119pt.
<C:/Users/audri/Desktop/Licence_MIASHS/L3_MIASHS_AUDRIC/Base de donn√©es/Projet/barplot.JPG, id=269, 1017.04968pt x 529.98pt>
File: C:/Users/audri/Desktop/Licence_MIASHS/L3_MIASHS_AUDRIC/Base de donn√©es/Projet/barplot.JPG Graphic file (type jpg)
<use C:/Users/audri/Desktop/Licence_MIASHS/L3_MIASHS_AUDRIC/Base de donn√©es/Projet/barplot.JPG>
Package pdftex.def Info: C:/Users/audri/Desktop/Licence_MIASHS/L3_MIASHS_AUDRIC/Base de donn√©es/Projet/barplot.JPG  used on input line 495.
(pdftex.def)             Requested size: 284.52367pt x 284.52711pt.

Overfull \hbox (209.14952pt too wide) in paragraph at lines 519--519
[]\T1/cmtt/m/n/8 l_ATC1<-c("Anti-infectieux","Dermatologie","Hormones systÈmiques","Sang & organes ","Sys cardio-vasculaire","SystËme digestif","Sys gÈnito-urinaire")[] 
 []

[10

 <c:/Users/audri/Desktop/Licence_MIASHS/L3_MIASHS_AUDRIC/Base de donn√©es/Projet/d2.jpg> <c:/Users/audri/Desktop/Licence_MIASHS/L3_MIASHS_AUDRIC/Base de donn√©es/Projet/barplot.JPG>]
Overfull \hbox (740.26982pt too wide) in paragraph at lines 519--519
[]\T1/cmtt/m/n/8 barplot(somme montant remb,main = 'Barplot du montant total remboursÈ par zone ciblÈs de mÈdiacement',xlab= "Zone ciblÈe",ylab = "Somme des montants remboursÈs",xlim =c(0,8) ,ylim= c(0,10000000), names.arg = l_ATC1,col ="deeppink",border = "royalblue",width = 1,space =NULL)[] 
 []

[11]
Chapitre 5.
<C:/Users/audri/Desktop/Licence_MIASHS/L3_MIASHS_AUDRIC/Base de donn√©es/Projet/boxplot(somme).png, id=280, 362.85562pt x 272.51813pt>
File: C:/Users/audri/Desktop/Licence_MIASHS/L3_MIASHS_AUDRIC/Base de donn√©es/Projet/boxplot(somme).png Graphic file (type png)
<use C:/Users/audri/Desktop/Licence_MIASHS/L3_MIASHS_AUDRIC/Base de donn√©es/Projet/boxplot(somme).png>
Package pdftex.def Info: C:/Users/audri/Desktop/Licence_MIASHS/L3_MIASHS_AUDRIC/Base de donn√©es/Projet/boxplot(somme).png  used on input line 544.
(pdftex.def)             Requested size: 362.85474pt x 272.51746pt.
<C:/Users/audri/Desktop/Licence_MIASHS/L3_MIASHS_AUDRIC/Base de donn√©es/Projet/boxplot(remb par cat√©gorie).JPG, id=281, 1021.56656pt x 528.47438pt>
File: C:/Users/audri/Desktop/Licence_MIASHS/L3_MIASHS_AUDRIC/Base de donn√©es/Projet/boxplot(remb par cat√©gorie).JPG Graphic file (type jpg)
<use C:/Users/audri/Desktop/Licence_MIASHS/L3_MIASHS_AUDRIC/Base de donn√©es/Projet/boxplot(remb par cat√©gorie).JPG>
Package pdftex.def Info: C:/Users/audri/Desktop/Licence_MIASHS/L3_MIASHS_AUDRIC/Base de donn√©es/Projet/boxplot(remb par cat√©gorie).JPG  used on input line 560.
(pdftex.def)             Requested size: 284.52466pt x 284.5252pt.
[12

 <c:/Users/audri/Desktop/Licence_MIASHS/L3_MIASHS_AUDRIC/Base de donn√©es/Projet/boxplot(somme).png>]
<C:/Users/audri/Desktop/Licence_MIASHS/L3_MIASHS_AUDRIC/Base de donn√©es/Projet/diag_tx_remb.png, id=289, 1371.1225pt x 687.56876pt>
File: C:/Users/audri/Desktop/Licence_MIASHS/L3_MIASHS_AUDRIC/Base de donn√©es/Projet/diag_tx_remb.png Graphic file (type png)
<use C:/Users/audri/Desktop/Licence_MIASHS/L3_MIASHS_AUDRIC/Base de donn√©es/Projet/diag_tx_remb.png>
Package pdftex.def Info: C:/Users/audri/Desktop/Licence_MIASHS/L3_MIASHS_AUDRIC/Base de donn√©es/Projet/diag_tx_remb.png  used on input line 570.
(pdftex.def)             Requested size: 284.51308pt x 284.52788pt.
[13 <c:/Users/audri/Desktop/Licence_MIASHS/L3_MIASHS_AUDRIC/Base de donn√©es/Projet/boxplot(remb par cat√©gorie).JPG> <c:/Users/audri/Desktop/Licence_MIASHS/L3_MIASHS_AUDRIC/Base de donn√©es/Projet/diag_tx_remb.png>]
Chapitre 6.
[14

]
Chapitre 7.
[15

]
No file scdon2-UPV-report-template.bbl.
[16

]
Overfull \hbox (230.39433pt too wide) in paragraph at lines 646--646
[]  \T1/cmtt/m/n/8 labs(title = "RÈpartition du taux de remboursement des mÈdicament les plus vendus en Outre-mer",  x = 'Nom des mÈdicaments', y ='Taux de remboursement')[] 
 []

[17

] (./scdon2-UPV-report-template.aux)

LaTeX Warning: There were multiply-defined labels.

Package rerunfilecheck Info: File `scdon2-UPV-report-template.out' has not changed.
(rerunfilecheck)             Checksum: D889AB69862A9157D03B7154396A4BA4;3998.
 ) 
Here is how much of TeX's memory you used:
 10998 strings out of 476928
 198837 string characters out of 5823313
 505435 words of memory out of 5000000
 31943 multiletter control sequences out of 15000+600000
 482258 words of font info for 62 fonts, out of 8000000 for 9000
 16 hyphenation exceptions out of 8191
 77i,6n,80p,572b,586s stack positions out of 10000i,1000n,20000p,200000b,200000s
 <c:/Users/audri/AppData/Roaming/TinyTeX/texmf-var/fonts/pk/ljfour/jknappen/ec/ecbx1440.600pk> <c:/Users/audri/AppData/Roaming/TinyTeX/texmf-var/fonts/pk/ljfour/jknappen/ec/tcrm0800.600pk> <c:/Users/audri/AppData/Roaming/TinyTeX/texmf-var/fonts/pk/ljfour/jknappen/ec/ecrm0800.600pk> <c:/Users/audri/AppData/Roaming/TinyTeX/texmf-var/fonts/pk/ljfour/jknappen/ec/ectt0800.600pk> <c:/Users/audri/AppData/Roaming/TinyTeX/texmf-var/fonts/pk/ljfour/jknappen/ec/ecit0800.600pk> <c:/Users/audri/AppData/Roaming/TinyTeX/texmf-var/fonts/pk/ljfour/jknappen/ec/ecrm1440.600pk> <c:/Users/audri/AppData/Roaming/TinyTeX/texmf-var/fonts/pk/ljfour/jknappen/ec/eccc1728.600pk> <c:/Users/audri/AppData/Roaming/TinyTeX/texmf-var/fonts/pk/ljfour/jknappen/ec/ecbx1200.600pk> <c:/Users/audri/AppData/Roaming/TinyTeX/texmf-var/fonts/pk/ljfour/jknappen/ec/tcrm1200.600pk> <c:/Users/audri/AppData/Roaming/TinyTeX/texmf-var/fonts/pk/ljfour/jknappen/ec/eccc1095.600pk> <c:/Users/audri/AppData/Roaming/TinyTeX/texmf-var/fonts/pk/ljfour/jknappen/ec/ecrm1200.600pk> <c:/Users/audri/AppData/Roaming/TinyTeX/texmf-var/fonts/pk/ljfour/jknappen/ec/ecrm1728.600pk>
Output written on scdon2-UPV-report-template.pdf (22 pages, 834040 bytes).
PDF statistics:
 789 PDF objects out of 1000 (max. 8388607)
 314 compressed objects within 4 object streams
 86 named destinations out of 1000 (max. 500000)
 324 words of extra memory for PDF output out of 10000 (max. 10000000)

